<?xml version="1.0" encoding="UTF-8"?>
<testsuite name="com.detroitlabs.fantasybball.model.FantasyScoringTest" tests="1" skipped="0" failures="0" errors="0" timestamp="2022-04-26T19:51:55" hostname="Collins-MBP.attlocal.net" time="0.01">
  <properties/>
  <testcase name="scoring_yesterday_game_multiplePlayers()" classname="com.detroitlabs.fantasybball.model.FantasyScoringTest" time="0.01"/>
  <system-out><![CDATA[15:51:54.651 [Test worker] DEBUG org.springframework.web.client.RestTemplate - HTTP GET https://www.balldontlie.io/api/v1/stats?start_date=2022-04-25&per_page=100
15:51:54.690 [Test worker] DEBUG org.springframework.web.client.RestTemplate - Accept=[application/json, application/*+json]
15:51:55.038 [Test worker] DEBUG org.springframework.web.client.RestTemplate - Response 200 OK
15:51:55.043 [Test worker] DEBUG org.springframework.web.client.RestTemplate - Reading to [com.detroitlabs.fantasybball.model.ParentStat]
85.6
]]></system-out>
  <system-err><![CDATA[]]></system-err>
</testsuite>
