<?xml version="1.0" encoding="UTF-8"?>
<testsuite name="com.detroitlabs.fantasybball.model.FantasyScoringTest" tests="1" skipped="0" failures="0" errors="0" timestamp="2022-04-20T14:48:57" hostname="Collins-MBP.attlocal.net" time="0.014">
  <properties/>
  <testcase name="fantasy_score_should_return_()" classname="com.detroitlabs.fantasybball.model.FantasyScoringTest" time="0.014"/>
  <system-out><![CDATA[]]></system-out>
  <system-err><![CDATA[]]></system-err>
</testsuite>
